<?xml version="1.0" encoding="UTF-8"?>
<!-- Generated by org.testng.reporters.JUnitReportReporter -->
<testsuite hostname="DESKTOP-CJ2LCU7" failures="0" tests="1" name="package_another.ScreenShot_take" time="0.867" errors="0" timestamp="2024-02-19T21:07:20 IST" skipped="0">
  <testcase classname="package_another.ScreenShot_take" name="launchapp" time="0.867"/>
  <system-out/>
</testsuite> <!-- package_another.ScreenShot_take -->
