<?xml version="1.0" encoding="UTF-8"?>
<!-- Generated by org.testng.reporters.JUnitReportReporter -->
<testsuite hostname="DESKTOP-CJ2LCU7" failures="0" tests="1" name="package_name.BrowserChoice" time="14.790" errors="0" timestamp="2024-02-19T16:21:30 IST" skipped="0">
  <testcase classname="package_name.BrowserChoice" name="StartBrowser" time="14.790"/>
  <system-out/>
</testsuite> <!-- package_name.BrowserChoice -->
