<?xml version="1.0" encoding="UTF-8"?>
<!-- Generated by org.testng.reporters.JUnitReportReporter -->
<testsuite hostname="DESKTOP-CJ2LCU7" failures="0" tests="6" name="package_name.Login_functionality22" time="18.954" errors="0" timestamp="2024-02-21T18:22:34 IST" skipped="0">
  <testcase classname="package_name.Login_functionality22" name="StartBrowser" time="6.645"/>
  <system-out/>
  <testcase classname="package_name.Login_functionality22" name="Excel" time="0.845"/>
  <system-out/>
  <testcase classname="package_name.Login_functionality22" name="Excel" time="5.988"/>
  <system-out/>
  <testcase classname="package_name.Login_functionality22" name="Excel" time="4.513"/>
  <system-out/>
  <testcase classname="package_name.Login_functionality22" name="Excel" time="0.953"/>
  <system-out/>
  <testcase classname="package_name.Login_functionality22" name="test1" time="0.010"/>
  <system-out>
    <![CDATA[This is the test report generated]]>
  </system-out>
</testsuite> <!-- package_name.Login_functionality22 -->
