<?xml version="1.0" encoding="UTF-8"?>
<!-- Generated by org.testng.reporters.JUnitReportReporter -->
<testsuite hostname="DESKTOP-1CCS179" failures="0" tests="1" name="com.sauceDemo.testBase.TestBase" time="8.968" errors="0" timestamp="2023-12-30T08:13:38 IST" skipped="0">
  <testcase classname="com.sauceDemo.testBase.TestBase" name="setUp" time="8.968"/>
  <system-out/>
</testsuite> <!-- com.sauceDemo.testBase.TestBase -->
